Using pre-set license
Built from '2020.2/release' branch; Version is '2020.2.2f1 (068178b99f32) revision 426360'; Using compiler version '192528614'; Build Type 'Release'
OS: 'Windows 10 Pro; OS build 18363.1316; Version 1909; 64bit' Language: 'en' Physical Memory: 16323 MB
BatchMode: 1, IsHumanControllingUs: 0, StartBugReporterOnCrash: 0, Is64bit: 1, IsPro: 0

 COMMAND LINE ARGUMENTS:
C:\Program Files\Unity\Editor\Unity.exe
-adb2
-batchMode
-noUpm
-name
AssetImportWorker0
-projectPath
E:/Project/Factory
-logFile
Logs/AssetImportWorker0.log
-srvPort
53141
Successfully changed project path to: E:/Project/Factory
E:/Project/Factory
Using Asset Import Pipeline V2.
Refreshing native plugins compatible for Editor in 23.53 ms, found 0 plugins.
Preloading 0 native plugins for Editor in 0.00 ms.
Initialize engine version: 2020.2.2f1 (068178b99f32)
[Subsystems] Discovering subsystems at path C:/Program Files/Unity/Editor/Data/Resources/UnitySubsystems
[Subsystems] Discovering subsystems at path E:/Project/Factory/Assets
GfxDevice: creating device client; threaded=0
Direct3D:
    Version:  Direct3D 11.0 [level 11.1]
    Renderer: NVIDIA GeForce RTX 2080 Ti (ID=0x1e04)
    Vendor:   
    VRAM:     11048 MB
    Driver:   27.21.14.5671
Initialize mono
Mono path[0] = 'C:/Program Files/Unity/Editor/Data/Managed'
Mono path[1] = 'C:/Program Files/Unity/Editor/Data/MonoBleedingEdge/lib/mono/unityjit'
Mono config path = 'C:/Program Files/Unity/Editor/Data/MonoBleedingEdge/etc'
Using monoOptions --debugger-agent=transport=dt_socket,embedding=1,server=y,suspend=n,address=127.0.0.1:56152
Begin MonoManager ReloadAssembly
Registering precompiled unity dll's ...
Register platform support module: C:/Program Files/Unity/Editor/Data/PlaybackEngines/WindowsStandaloneSupport/UnityEditor.WindowsStandalone.Extensions.dll
Registered in 0.001610 seconds.
Native extension for WindowsStandalone target not found
Refreshing native plugins compatible for Editor in 26.42 ms, found 0 plugins.
Preloading 0 native plugins for Editor in 0.00 ms.
Invoked RoslynAnalysisRunner static constructor.
RoslynAnalysisRunner will not be running.
RoslynAnalysisRunner has terminated.
Mono: successfully reloaded assembly
- Completed reload, in  1.013 seconds
Platform modules already initialized, skipping
Registering precompiled user dll's ...
Registered in 0.000561 seconds.
Begin MonoManager ReloadAssembly
Native extension for WindowsStandalone target not found
Refreshing native plugins compatible for Editor in 0.36 ms, found 0 plugins.
Preloading 0 native plugins for Editor in 0.00 ms.
Invoked RoslynAnalysisRunner static constructor.
RoslynAnalysisRunner will not be running.
RoslynAnalysisRunner has terminated.
Mono: successfully reloaded assembly
- Completed reload, in  0.838 seconds
Platform modules already initialized, skipping
========================================================================
Worker process is ready to serve import requests
Launched and connected shader compiler UnityShaderCompiler.exe after 0.09 seconds
Refreshing native plugins compatible for Editor in 0.30 ms, found 0 plugins.
Preloading 0 native plugins for Editor in 0.00 ms.
Unloading 1137 Unused Serialized files (Serialized files now loaded: 0)
System memory in use before: 74.0 MB.
System memory in use after: 74.1 MB.

Unloading 9 unused Assets to reduce memory usage. Loaded Objects now: 1616.
Total: 2.304800 ms (FindLiveObjects: 0.321400 ms CreateObjectMapping: 0.100300 ms MarkObjects: 1.809400 ms  DeleteObjects: 0.072800 ms)

========================================================================
Received Import Request.
  path: Assets/BuildSystem/Scripts/Building/Data/BuildItem.cs
  artifactKey: Guid(0fb602b39f2253c41b9ef1d166d8ae59) Importer(815301076,1909f56bfc062723c751e8b465ee728b)
Start importing Assets/BuildSystem/Scripts/Building/Data/BuildItem.cs using Guid(0fb602b39f2253c41b9ef1d166d8ae59) Importer(815301076,1909f56bfc062723c751e8b465ee728b)  -> (artifact id: 'aac8eaba9dd9d3949b926eddcb3c1750') in 0.024083 seconds
  Import took 0.054977 seconds .

========================================================================
Received Import Request.
  Time since last request: 0.000200 seconds.
  path: Assets/BuildSystem/Scripts/Building/UI/BuilderObjectUI.cs
  artifactKey: Guid(af4adf527cc60804995526f189d1b055) Importer(815301076,1909f56bfc062723c751e8b465ee728b)
Start importing Assets/BuildSystem/Scripts/Building/UI/BuilderObjectUI.cs using Guid(af4adf527cc60804995526f189d1b055) Importer(815301076,1909f56bfc062723c751e8b465ee728b)  -> (artifact id: '5517bb2079b574dc7fc5c5dd965667db') in 0.006402 seconds
  Import took 0.014730 seconds .

========================================================================
Received Import Request.
  Time since last request: 94.321435 seconds.
  path: Assets/BuildSystem/Scripts/Building/UI/BuilderUI.cs
  artifactKey: Guid(063eb64a217cbc24eb296946e8f8a289) Importer(815301076,1909f56bfc062723c751e8b465ee728b)
Start importing Assets/BuildSystem/Scripts/Building/UI/BuilderUI.cs using Guid(063eb64a217cbc24eb296946e8f8a289) Importer(815301076,1909f56bfc062723c751e8b465ee728b)  -> (artifact id: '2649704252d2b95f509abdeb5718cf35') in 0.006020 seconds
  Import took 0.009342 seconds .

========================================================================
Received Import Request.
  Time since last request: 14.272364 seconds.
  path: Assets/BuildSystem/Scripts/Building/UI/IItemSelectionUI.cs
  artifactKey: Guid(b3ad656e056be7548883528f6712635c) Importer(815301076,1909f56bfc062723c751e8b465ee728b)
Start importing Assets/BuildSystem/Scripts/Building/UI/IItemSelectionUI.cs using Guid(b3ad656e056be7548883528f6712635c) Importer(815301076,1909f56bfc062723c751e8b465ee728b)  -> (artifact id: '4a35f65ac954ff5dfbe3bb200d7bf2f7') in 0.006318 seconds
  Import took 0.009259 seconds .

========================================================================
Received Import Request.
  Time since last request: 3.826949 seconds.
  path: Assets/BuildSystem/Scripts/Building/ObjectPlacer.cs
  artifactKey: Guid(9bfe5643c71110046a1c6bfc3ca20539) Importer(815301076,1909f56bfc062723c751e8b465ee728b)
Start importing Assets/BuildSystem/Scripts/Building/ObjectPlacer.cs using Guid(9bfe5643c71110046a1c6bfc3ca20539) Importer(815301076,1909f56bfc062723c751e8b465ee728b)  -> (artifact id: 'f8e15d1b028506f508be2bf4823b4328') in 0.006624 seconds
  Import took 0.022574 seconds .

========================================================================
Received Import Request.
  Time since last request: 6.797439 seconds.
  path: Assets/BuildSystem/Scripts/Building/ObjectRemover.cs
  artifactKey: Guid(e916022634b8f624e8fe65340a08430a) Importer(815301076,1909f56bfc062723c751e8b465ee728b)
Start importing Assets/BuildSystem/Scripts/Building/ObjectRemover.cs using Guid(e916022634b8f624e8fe65340a08430a) Importer(815301076,1909f56bfc062723c751e8b465ee728b)  -> (artifact id: 'cdc3dfedfa12c3f8e9df8013e7c2f0c0') in 0.010472 seconds
  Import took 0.014243 seconds .

========================================================================
Received Import Request.
  Time since last request: 20.720802 seconds.
  path: Assets/BuildSystem/Editor/CustomEditors/BuildItemEditor.cs
  artifactKey: Guid(b262dd01f50713143a20e24a2cd266d1) Importer(815301076,1909f56bfc062723c751e8b465ee728b)
Start importing Assets/BuildSystem/Editor/CustomEditors/BuildItemEditor.cs using Guid(b262dd01f50713143a20e24a2cd266d1) Importer(815301076,1909f56bfc062723c751e8b465ee728b)  -> (artifact id: '6438ad7a40b9db6f50474ad78b78b98d') in 0.006650 seconds
  Import took 0.026651 seconds .

========================================================================
Received Import Request.
  Time since last request: 7.976375 seconds.
  path: Assets/BuildSystem/Editor/ObjectGhostMaterialAssigner.cs
  artifactKey: Guid(49900d2bb04efbe4db9cd67f7fa6ad3f) Importer(815301076,1909f56bfc062723c751e8b465ee728b)
Start importing Assets/BuildSystem/Editor/ObjectGhostMaterialAssigner.cs using Guid(49900d2bb04efbe4db9cd67f7fa6ad3f) Importer(815301076,1909f56bfc062723c751e8b465ee728b)  -> (artifact id: 'f0b217568120f0d48dcab933c10acacc') in 0.007417 seconds
  Import took 0.026147 seconds .

========================================================================
Received Import Request.
  Time since last request: 0.000879 seconds.
  path: Assets/BuildSystem/Editor/ObjectGhostMaterialAssigner.cs
  artifactKey: Guid(49900d2bb04efbe4db9cd67f7fa6ad3f) Importer(815301076,1909f56bfc062723c751e8b465ee728b)
Start importing Assets/BuildSystem/Editor/ObjectGhostMaterialAssigner.cs using Guid(49900d2bb04efbe4db9cd67f7fa6ad3f) Importer(815301076,1909f56bfc062723c751e8b465ee728b)  -> (artifact id: 'f0b217568120f0d48dcab933c10acacc') in 0.002344 seconds
  Import took 0.004194 seconds .

========================================================================
Received Import Request.
  Time since last request: 1.165682 seconds.
  path: Assets/BuildSystem/Editor/ObjectPreviewWindow.cs
  artifactKey: Guid(4b177cafc26ba3c46afed9ae93450298) Importer(815301076,1909f56bfc062723c751e8b465ee728b)
Start importing Assets/BuildSystem/Editor/ObjectPreviewWindow.cs using Guid(4b177cafc26ba3c46afed9ae93450298) Importer(815301076,1909f56bfc062723c751e8b465ee728b)  -> (artifact id: '17fd9be6672d8562ae0e32018122b2c8') in 0.006595 seconds
  Import took 0.011747 seconds .

========================================================================
Received Prepare
Registering precompiled user dll's ...
Registered in 0.000540 seconds.
Begin MonoManager ReloadAssembly
Native extension for WindowsStandalone target not found
Refreshing native plugins compatible for Editor in 0.28 ms, found 0 plugins.
Preloading 0 native plugins for Editor in 0.00 ms.
Invoked RoslynAnalysisRunner static constructor.
RoslynAnalysisRunner will not be running.
RoslynAnalysisRunner has terminated.
Mono: successfully reloaded assembly
- Completed reload, in  0.767 seconds
Platform modules already initialized, skipping
Refreshing native plugins compatible for Editor in 0.25 ms, found 0 plugins.
Preloading 0 native plugins for Editor in 0.00 ms.
Unloading 1129 Unused Serialized files (Serialized files now loaded: 0)
System memory in use before: 74.1 MB.
System memory in use after: 74.2 MB.

Unloading 4 unused Assets to reduce memory usage. Loaded Objects now: 1618.
Total: 1.991700 ms (FindLiveObjects: 0.183800 ms CreateObjectMapping: 0.035200 ms MarkObjects: 1.741700 ms  DeleteObjects: 0.030100 ms)

========================================================================
Received Prepare
Registering precompiled user dll's ...
Registered in 0.000701 seconds.
Begin MonoManager ReloadAssembly
Native extension for WindowsStandalone target not found
Refreshing native plugins compatible for Editor in 0.25 ms, found 0 plugins.
Preloading 0 native plugins for Editor in 0.00 ms.
Invoked RoslynAnalysisRunner static constructor.
RoslynAnalysisRunner will not be running.
RoslynAnalysisRunner has terminated.
Mono: successfully reloaded assembly
- Completed reload, in  0.767 seconds
Platform modules already initialized, skipping
Refreshing native plugins compatible for Editor in 0.28 ms, found 0 plugins.
Preloading 0 native plugins for Editor in 0.00 ms.
Unloading 1129 Unused Serialized files (Serialized files now loaded: 0)
System memory in use before: 74.3 MB.
System memory in use after: 74.4 MB.

Unloading 4 unused Assets to reduce memory usage. Loaded Objects now: 1620.
Total: 1.690000 ms (FindLiveObjects: 0.111700 ms CreateObjectMapping: 0.033400 ms MarkObjects: 1.504000 ms  DeleteObjects: 0.039900 ms)

========================================================================
Received Import Request.
  Time since last request: 1264.559030 seconds.
  path: Assets/___Scripts/UI/Slot.cs
  artifactKey: Guid(7f4eafbe6e18910489359be55e1e3b3f) Importer(815301076,1909f56bfc062723c751e8b465ee728b)
Start importing Assets/___Scripts/UI/Slot.cs using Guid(7f4eafbe6e18910489359be55e1e3b3f) Importer(815301076,1909f56bfc062723c751e8b465ee728b)  -> (artifact id: 'c17e5762a063a5c9e615e19e6e443222') in 0.012680 seconds
  Import took 0.052823 seconds .

========================================================================
Received Prepare
Registering precompiled user dll's ...
Registered in 0.000561 seconds.
Begin MonoManager ReloadAssembly
Native extension for WindowsStandalone target not found
Refreshing native plugins compatible for Editor in 0.24 ms, found 0 plugins.
Preloading 0 native plugins for Editor in 0.00 ms.
Invoked RoslynAnalysisRunner static constructor.
RoslynAnalysisRunner will not be running.
RoslynAnalysisRunner has terminated.
Mono: successfully reloaded assembly
- Completed reload, in  0.768 seconds
Platform modules already initialized, skipping
Refreshing native plugins compatible for Editor in 0.27 ms, found 0 plugins.
Preloading 0 native plugins for Editor in 0.00 ms.
Unloading 1129 Unused Serialized files (Serialized files now loaded: 0)
System memory in use before: 74.8 MB.
System memory in use after: 74.9 MB.

Unloading 4 unused Assets to reduce memory usage. Loaded Objects now: 1622.
Total: 2.247800 ms (FindLiveObjects: 0.187500 ms CreateObjectMapping: 0.088300 ms MarkObjects: 1.954400 ms  DeleteObjects: 0.016500 ms)

========================================================================
Received Import Request.
  Time since last request: 329.892808 seconds.
  path: Assets/___Prefabs/Resource/GhostItem.prefab
  artifactKey: Guid(50cc92ce5e2dda9448b6fa552ab5d5a5) Importer(815301076,1909f56bfc062723c751e8b465ee728b)
Start importing Assets/___Prefabs/Resource/GhostItem.prefab using Guid(50cc92ce5e2dda9448b6fa552ab5d5a5) Importer(815301076,1909f56bfc062723c751e8b465ee728b)  -> (artifact id: 'e3f573ed11b23dc8d1a1dbb97e63224d') in 0.046287 seconds
  Import took 0.051674 seconds .

========================================================================
Received Prepare
Registering precompiled user dll's ...
Registered in 0.000799 seconds.
Begin MonoManager ReloadAssembly
Native extension for WindowsStandalone target not found
Refreshing native plugins compatible for Editor in 0.25 ms, found 0 plugins.
Preloading 0 native plugins for Editor in 0.00 ms.
Invoked RoslynAnalysisRunner static constructor.
RoslynAnalysisRunner will not be running.
RoslynAnalysisRunner has terminated.
Mono: successfully reloaded assembly
- Completed reload, in  0.714 seconds
Platform modules already initialized, skipping
Refreshing native plugins compatible for Editor in 0.31 ms, found 0 plugins.
Preloading 0 native plugins for Editor in 0.00 ms.
Unloading 1129 Unused Serialized files (Serialized files now loaded: 0)
System memory in use before: 75.3 MB.
System memory in use after: 75.4 MB.

Unloading 4 unused Assets to reduce memory usage. Loaded Objects now: 1626.
Total: 1.845600 ms (FindLiveObjects: 0.160400 ms CreateObjectMapping: 0.059000 ms MarkObjects: 1.593100 ms  DeleteObjects: 0.032400 ms)

========================================================================
Received Prepare
Registering precompiled user dll's ...
Registered in 0.000587 seconds.
Begin MonoManager ReloadAssembly
Native extension for WindowsStandalone target not found
Refreshing native plugins compatible for Editor in 0.25 ms, found 0 plugins.
Preloading 0 native plugins for Editor in 0.00 ms.
Invoked RoslynAnalysisRunner static constructor.
RoslynAnalysisRunner will not be running.
RoslynAnalysisRunner has terminated.
Mono: successfully reloaded assembly
- Completed reload, in  0.751 seconds
Platform modules already initialized, skipping
Refreshing native plugins compatible for Editor in 0.26 ms, found 0 plugins.
Preloading 0 native plugins for Editor in 0.00 ms.
Unloading 1129 Unused Serialized files (Serialized files now loaded: 0)
System memory in use before: 75.4 MB.
System memory in use after: 75.5 MB.

Unloading 4 unused Assets to reduce memory usage. Loaded Objects now: 1628.
Total: 2.463400 ms (FindLiveObjects: 0.146600 ms CreateObjectMapping: 0.034500 ms MarkObjects: 2.239800 ms  DeleteObjects: 0.040900 ms)

========================================================================
Received Prepare
Registering precompiled user dll's ...
Registered in 0.000654 seconds.
Begin MonoManager ReloadAssembly
Native extension for WindowsStandalone target not found
Refreshing native plugins compatible for Editor in 0.28 ms, found 0 plugins.
Preloading 0 native plugins for Editor in 0.00 ms.
Invoked RoslynAnalysisRunner static constructor.
RoslynAnalysisRunner will not be running.
RoslynAnalysisRunner has terminated.
Mono: successfully reloaded assembly
- Completed reload, in  0.829 seconds
Platform modules already initialized, skipping
Refreshing native plugins compatible for Editor in 0.35 ms, found 0 plugins.
Preloading 0 native plugins for Editor in 0.00 ms.
Unloading 1129 Unused Serialized files (Serialized files now loaded: 0)
System memory in use before: 75.0 MB.
System memory in use after: 75.1 MB.

Unloading 4 unused Assets to reduce memory usage. Loaded Objects now: 1630.
Total: 1.763100 ms (FindLiveObjects: 0.164300 ms CreateObjectMapping: 0.076000 ms MarkObjects: 1.507900 ms  DeleteObjects: 0.013800 ms)

========================================================================
Received Import Request.
  Time since last request: 215.244999 seconds.
  path: Assets/___Scripts/UI/PlayerInterface.cs
  artifactKey: Guid(aa239750f6b282745a7f96b88f80fb70) Importer(815301076,1909f56bfc062723c751e8b465ee728b)
Start importing Assets/___Scripts/UI/PlayerInterface.cs using Guid(aa239750f6b282745a7f96b88f80fb70) Importer(815301076,1909f56bfc062723c751e8b465ee728b)  -> (artifact id: 'dc8cc7a7a3c9f9fccb133a084b40ad0e') in 0.009313 seconds
  Import took 0.012022 seconds .

========================================================================
Received Import Request.
  Time since last request: 0.019529 seconds.
  path: Assets/___Scripts/UI/PlayerInterface.cs
  artifactKey: Guid(aa239750f6b282745a7f96b88f80fb70) Importer(815301076,1909f56bfc062723c751e8b465ee728b)
Start importing Assets/___Scripts/UI/PlayerInterface.cs using Guid(aa239750f6b282745a7f96b88f80fb70) Importer(815301076,1909f56bfc062723c751e8b465ee728b)  -> (artifact id: 'dc8cc7a7a3c9f9fccb133a084b40ad0e') in 0.002377 seconds
  Import took 0.005130 seconds .

========================================================================
Received Import Request.
  Time since last request: 16.486463 seconds.
  path: Assets/___Scripts/UI/PlayerInterface.cs
  artifactKey: Guid(aa239750f6b282745a7f96b88f80fb70) Importer(815301076,1909f56bfc062723c751e8b465ee728b)
Start importing Assets/___Scripts/UI/PlayerInterface.cs using Guid(aa239750f6b282745a7f96b88f80fb70) Importer(815301076,1909f56bfc062723c751e8b465ee728b)  -> (artifact id: 'c80ac122eed7833a4aeb68a0e3aee7ed') in 0.003086 seconds
  Import took 0.012361 seconds .

========================================================================
Received Prepare
Registering precompiled user dll's ...
Registered in 0.000672 seconds.
Begin MonoManager ReloadAssembly
Native extension for WindowsStandalone target not found
Refreshing native plugins compatible for Editor in 0.25 ms, found 0 plugins.
Preloading 0 native plugins for Editor in 0.00 ms.
Invoked RoslynAnalysisRunner static constructor.
RoslynAnalysisRunner will not be running.
RoslynAnalysisRunner has terminated.
Mono: successfully reloaded assembly
- Completed reload, in  0.755 seconds
Platform modules already initialized, skipping
Refreshing native plugins compatible for Editor in 0.26 ms, found 0 plugins.
Preloading 0 native plugins for Editor in 0.00 ms.
Unloading 1129 Unused Serialized files (Serialized files now loaded: 0)
System memory in use before: 75.4 MB.
System memory in use after: 75.5 MB.

Unloading 4 unused Assets to reduce memory usage. Loaded Objects now: 1632.
Total: 1.977600 ms (FindLiveObjects: 0.177500 ms CreateObjectMapping: 0.064000 ms MarkObjects: 1.722200 ms  DeleteObjects: 0.012800 ms)

========================================================================
Received Prepare
Registering precompiled user dll's ...
Registered in 0.000688 seconds.
Begin MonoManager ReloadAssembly
Native extension for WindowsStandalone target not found
Refreshing native plugins compatible for Editor in 0.34 ms, found 0 plugins.
Preloading 0 native plugins for Editor in 0.00 ms.
Invoked RoslynAnalysisRunner static constructor.
RoslynAnalysisRunner will not be running.
RoslynAnalysisRunner has terminated.
Mono: successfully reloaded assembly
- Completed reload, in  0.762 seconds
Platform modules already initialized, skipping
Refreshing native plugins compatible for Editor in 0.28 ms, found 0 plugins.
Preloading 0 native plugins for Editor in 0.00 ms.
Unloading 1129 Unused Serialized files (Serialized files now loaded: 0)
System memory in use before: 75.5 MB.
System memory in use after: 75.6 MB.

Unloading 4 unused Assets to reduce memory usage. Loaded Objects now: 1634.
Total: 1.926400 ms (FindLiveObjects: 0.150100 ms CreateObjectMapping: 0.072300 ms MarkObjects: 1.688700 ms  DeleteObjects: 0.014500 ms)

========================================================================
Received Prepare
Registering precompiled user dll's ...
Registered in 0.000955 seconds.
Begin MonoManager ReloadAssembly
Native extension for WindowsStandalone target not found
Refreshing native plugins compatible for Editor in 0.33 ms, found 0 plugins.
Preloading 0 native plugins for Editor in 0.00 ms.
Invoked RoslynAnalysisRunner static constructor.
RoslynAnalysisRunner will not be running.
RoslynAnalysisRunner has terminated.
Mono: successfully reloaded assembly
- Completed reload, in  0.770 seconds
Platform modules already initialized, skipping
Refreshing native plugins compatible for Editor in 0.31 ms, found 0 plugins.
Preloading 0 native plugins for Editor in 0.00 ms.
Unloading 1129 Unused Serialized files (Serialized files now loaded: 0)
System memory in use before: 75.1 MB.
System memory in use after: 75.2 MB.

Unloading 4 unused Assets to reduce memory usage. Loaded Objects now: 1636.
Total: 1.516700 ms (FindLiveObjects: 0.169800 ms CreateObjectMapping: 0.034300 ms MarkObjects: 1.290300 ms  DeleteObjects: 0.021400 ms)

========================================================================
Received Import Request.
  Time since last request: 383.342488 seconds.
  path: Assets/___Scripts/UI/PlayerInterface.cs
  artifactKey: Guid(aa239750f6b282745a7f96b88f80fb70) Importer(815301076,1909f56bfc062723c751e8b465ee728b)
Start importing Assets/___Scripts/UI/PlayerInterface.cs using Guid(aa239750f6b282745a7f96b88f80fb70) Importer(815301076,1909f56bfc062723c751e8b465ee728b)  -> (artifact id: 'c88a323fa8b386d2b06e73e73f4bce5b') in 0.003942 seconds
  Import took 0.006042 seconds .

========================================================================
Received Import Request.
  Time since last request: 1.862123 seconds.
  path: Assets/___Scripts/UI/PlayerInterface.cs
  artifactKey: Guid(aa239750f6b282745a7f96b88f80fb70) Importer(815301076,1909f56bfc062723c751e8b465ee728b)
Start importing Assets/___Scripts/UI/PlayerInterface.cs using Guid(aa239750f6b282745a7f96b88f80fb70) Importer(815301076,1909f56bfc062723c751e8b465ee728b)  -> (artifact id: 'c88a323fa8b386d2b06e73e73f4bce5b') in 0.002078 seconds
  Import took 0.004123 seconds .

========================================================================
Received Prepare
Registering precompiled user dll's ...
Registered in 0.001013 seconds.
Begin MonoManager ReloadAssembly
Native extension for WindowsStandalone target not found
Refreshing native plugins compatible for Editor in 0.25 ms, found 0 plugins.
Preloading 0 native plugins for Editor in 0.00 ms.
Invoked RoslynAnalysisRunner static constructor.
RoslynAnalysisRunner will not be running.
RoslynAnalysisRunner has terminated.
Mono: successfully reloaded assembly
- Completed reload, in  0.706 seconds
Platform modules already initialized, skipping
Refreshing native plugins compatible for Editor in 0.25 ms, found 0 plugins.
Preloading 0 native plugins for Editor in 0.00 ms.
Unloading 1129 Unused Serialized files (Serialized files now loaded: 0)
System memory in use before: 75.5 MB.
System memory in use after: 75.6 MB.

Unloading 4 unused Assets to reduce memory usage. Loaded Objects now: 1638.
Total: 1.999300 ms (FindLiveObjects: 0.147800 ms CreateObjectMapping: 0.067000 ms MarkObjects: 1.759700 ms  DeleteObjects: 0.023900 ms)

========================================================================
Received Prepare
Registering precompiled user dll's ...
Registered in 0.000576 seconds.
Begin MonoManager ReloadAssembly
Native extension for WindowsStandalone target not found
Refreshing native plugins compatible for Editor in 0.29 ms, found 0 plugins.
Preloading 0 native plugins for Editor in 0.00 ms.
Invoked RoslynAnalysisRunner static constructor.
RoslynAnalysisRunner will not be running.
RoslynAnalysisRunner has terminated.
Mono: successfully reloaded assembly
- Completed reload, in  0.769 seconds
Platform modules already initialized, skipping
Refreshing native plugins compatible for Editor in 0.25 ms, found 0 plugins.
Preloading 0 native plugins for Editor in 0.00 ms.
Unloading 1129 Unused Serialized files (Serialized files now loaded: 0)
System memory in use before: 74.9 MB.
System memory in use after: 75.0 MB.

Unloading 4 unused Assets to reduce memory usage. Loaded Objects now: 1640.
Total: 1.975400 ms (FindLiveObjects: 0.278600 ms CreateObjectMapping: 0.100100 ms MarkObjects: 1.580400 ms  DeleteObjects: 0.015100 ms)

========================================================================
Received Prepare
Registering precompiled user dll's ...
Registered in 0.000632 seconds.
Begin MonoManager ReloadAssembly
Native extension for WindowsStandalone target not found
Refreshing native plugins compatible for Editor in 0.45 ms, found 0 plugins.
Preloading 0 native plugins for Editor in 0.00 ms.
Invoked RoslynAnalysisRunner static constructor.
RoslynAnalysisRunner will not be running.
RoslynAnalysisRunner has terminated.
Mono: successfully reloaded assembly
- Completed reload, in  0.758 seconds
Platform modules already initialized, skipping
Refreshing native plugins compatible for Editor in 0.24 ms, found 0 plugins.
Preloading 0 native plugins for Editor in 0.00 ms.
Unloading 1129 Unused Serialized files (Serialized files now loaded: 0)
System memory in use before: 75.2 MB.
System memory in use after: 75.3 MB.

Unloading 4 unused Assets to reduce memory usage. Loaded Objects now: 1642.
Total: 1.929600 ms (FindLiveObjects: 0.143800 ms CreateObjectMapping: 0.034200 ms MarkObjects: 1.734500 ms  DeleteObjects: 0.016300 ms)

========================================================================
Received Prepare
Registering precompiled user dll's ...
Registered in 0.000630 seconds.
Begin MonoManager ReloadAssembly
Native extension for WindowsStandalone target not found
Refreshing native plugins compatible for Editor in 0.29 ms, found 0 plugins.
Preloading 0 native plugins for Editor in 0.00 ms.
Invoked RoslynAnalysisRunner static constructor.
RoslynAnalysisRunner will not be running.
RoslynAnalysisRunner has terminated.
Mono: successfully reloaded assembly
- Completed reload, in  0.761 seconds
Platform modules already initialized, skipping
Refreshing native plugins compatible for Editor in 0.28 ms, found 0 plugins.
Preloading 0 native plugins for Editor in 0.00 ms.
Unloading 1129 Unused Serialized files (Serialized files now loaded: 0)
System memory in use before: 75.5 MB.
System memory in use after: 75.6 MB.

Unloading 4 unused Assets to reduce memory usage. Loaded Objects now: 1644.
Total: 1.650200 ms (FindLiveObjects: 0.164000 ms CreateObjectMapping: 0.033700 ms MarkObjects: 1.430700 ms  DeleteObjects: 0.020600 ms)

========================================================================
Received Import Request.
  Time since last request: 400.038672 seconds.
  path: Assets/___Scripts/UI/PlayerInterface.cs
  artifactKey: Guid(aa239750f6b282745a7f96b88f80fb70) Importer(815301076,1909f56bfc062723c751e8b465ee728b)
Start importing Assets/___Scripts/UI/PlayerInterface.cs using Guid(aa239750f6b282745a7f96b88f80fb70) Importer(815301076,1909f56bfc062723c751e8b465ee728b)  -> (artifact id: '7fadcb0b98c5f67c3cf27a51b728c1fe') in 0.004119 seconds
  Import took 0.007118 seconds .

========================================================================
Received Import Request.
  Time since last request: 17.504107 seconds.
  path: Assets/___Scripts/Item/ItemManager.cs
  artifactKey: Guid(ce7be25a51b90b144ad4bbe27073a22a) Importer(815301076,1909f56bfc062723c751e8b465ee728b)
Start importing Assets/___Scripts/Item/ItemManager.cs using Guid(ce7be25a51b90b144ad4bbe27073a22a) Importer(815301076,1909f56bfc062723c751e8b465ee728b)  -> (artifact id: '93091420afed74e830f1f8d1a5036397') in 0.006835 seconds
  Import took 0.019317 seconds .

========================================================================
Received Import Request.
  Time since last request: 0.000265 seconds.
  path: Assets/___Scripts/Item/ItemManager.cs
  artifactKey: Guid(ce7be25a51b90b144ad4bbe27073a22a) Importer(815301076,1909f56bfc062723c751e8b465ee728b)
Start importing Assets/___Scripts/Item/ItemManager.cs using Guid(ce7be25a51b90b144ad4bbe27073a22a) Importer(815301076,1909f56bfc062723c751e8b465ee728b)  -> (artifact id: '93091420afed74e830f1f8d1a5036397') in 0.002907 seconds
  Import took 0.004877 seconds .

========================================================================
Received Prepare
Registering precompiled user dll's ...
Registered in 0.000743 seconds.
Begin MonoManager ReloadAssembly
Native extension for WindowsStandalone target not found
Refreshing native plugins compatible for Editor in 0.25 ms, found 0 plugins.
Preloading 0 native plugins for Editor in 0.00 ms.
Invoked RoslynAnalysisRunner static constructor.
RoslynAnalysisRunner will not be running.
RoslynAnalysisRunner has terminated.
Mono: successfully reloaded assembly
- Completed reload, in  0.730 seconds
Platform modules already initialized, skipping
Refreshing native plugins compatible for Editor in 0.25 ms, found 0 plugins.
Preloading 0 native plugins for Editor in 0.00 ms.
Unloading 1129 Unused Serialized files (Serialized files now loaded: 0)
System memory in use before: 75.0 MB.
System memory in use after: 75.1 MB.

Unloading 4 unused Assets to reduce memory usage. Loaded Objects now: 1646.
Total: 1.661500 ms (FindLiveObjects: 0.173500 ms CreateObjectMapping: 0.076600 ms MarkObjects: 1.398300 ms  DeleteObjects: 0.012400 ms)

========================================================================
Received Prepare
Registering precompiled user dll's ...
Registered in 0.000560 seconds.
Begin MonoManager ReloadAssembly
Native extension for WindowsStandalone target not found
Refreshing native plugins compatible for Editor in 0.30 ms, found 0 plugins.
Preloading 0 native plugins for Editor in 0.00 ms.
Invoked RoslynAnalysisRunner static constructor.
RoslynAnalysisRunner will not be running.
RoslynAnalysisRunner has terminated.
Mono: successfully reloaded assembly
- Completed reload, in  0.787 seconds
Platform modules already initialized, skipping
Refreshing native plugins compatible for Editor in 0.36 ms, found 0 plugins.
Preloading 0 native plugins for Editor in 0.00 ms.
Unloading 1129 Unused Serialized files (Serialized files now loaded: 0)
System memory in use before: 75.3 MB.
System memory in use after: 75.4 MB.

Unloading 4 unused Assets to reduce memory usage. Loaded Objects now: 1648.
Total: 2.552300 ms (FindLiveObjects: 0.314300 ms CreateObjectMapping: 0.113300 ms MarkObjects: 2.109800 ms  DeleteObjects: 0.013600 ms)

========================================================================
Received Prepare
Registering precompiled user dll's ...
Registered in 0.000601 seconds.
Begin MonoManager ReloadAssembly
Native extension for WindowsStandalone target not found
Refreshing native plugins compatible for Editor in 0.33 ms, found 0 plugins.
Preloading 0 native plugins for Editor in 0.00 ms.
Invoked RoslynAnalysisRunner static constructor.
RoslynAnalysisRunner will not be running.
RoslynAnalysisRunner has terminated.
Mono: successfully reloaded assembly
- Completed reload, in  0.763 seconds
Platform modules already initialized, skipping
Refreshing native plugins compatible for Editor in 0.25 ms, found 0 plugins.
Preloading 0 native plugins for Editor in 0.00 ms.
Unloading 1129 Unused Serialized files (Serialized files now loaded: 0)
System memory in use before: 75.5 MB.
System memory in use after: 75.6 MB.

Unloading 4 unused Assets to reduce memory usage. Loaded Objects now: 1650.
Total: 1.482400 ms (FindLiveObjects: 0.149200 ms CreateObjectMapping: 0.035300 ms MarkObjects: 1.283900 ms  DeleteObjects: 0.012800 ms)

========================================================================
Received Prepare
Registering precompiled user dll's ...
Registered in 0.000612 seconds.
Begin MonoManager ReloadAssembly
Native extension for WindowsStandalone target not found
Refreshing native plugins compatible for Editor in 0.29 ms, found 0 plugins.
Preloading 0 native plugins for Editor in 0.00 ms.
Invoked RoslynAnalysisRunner static constructor.
RoslynAnalysisRunner will not be running.
RoslynAnalysisRunner has terminated.
Mono: successfully reloaded assembly
- Completed reload, in  0.760 seconds
Platform modules already initialized, skipping
Refreshing native plugins compatible for Editor in 0.25 ms, found 0 plugins.
Preloading 0 native plugins for Editor in 0.00 ms.
Unloading 1129 Unused Serialized files (Serialized files now loaded: 0)
System memory in use before: 75.1 MB.
System memory in use after: 75.2 MB.

Unloading 4 unused Assets to reduce memory usage. Loaded Objects now: 1652.
Total: 1.507700 ms (FindLiveObjects: 0.115000 ms CreateObjectMapping: 0.033000 ms MarkObjects: 1.331200 ms  DeleteObjects: 0.027600 ms)

========================================================================
Received Prepare
Registering precompiled user dll's ...
Registered in 0.000749 seconds.
Begin MonoManager ReloadAssembly
Native extension for WindowsStandalone target not found
Refreshing native plugins compatible for Editor in 0.28 ms, found 0 plugins.
Preloading 0 native plugins for Editor in 0.00 ms.
Invoked RoslynAnalysisRunner static constructor.
RoslynAnalysisRunner will not be running.
RoslynAnalysisRunner has terminated.
Mono: successfully reloaded assembly
- Completed reload, in  0.821 seconds
Platform modules already initialized, skipping
Refreshing native plugins compatible for Editor in 0.28 ms, found 0 plugins.
Preloading 0 native plugins for Editor in 0.00 ms.
Unloading 1129 Unused Serialized files (Serialized files now loaded: 0)
System memory in use before: 75.5 MB.
System memory in use after: 75.6 MB.

Unloading 4 unused Assets to reduce memory usage. Loaded Objects now: 1654.
Total: 2.180800 ms (FindLiveObjects: 0.165500 ms CreateObjectMapping: 0.077400 ms MarkObjects: 1.923400 ms  DeleteObjects: 0.013500 ms)

========================================================================
Received Prepare
Registering precompiled user dll's ...
Registered in 0.000897 seconds.
Begin MonoManager ReloadAssembly
Native extension for WindowsStandalone target not found
Refreshing native plugins compatible for Editor in 0.25 ms, found 0 plugins.
Preloading 0 native plugins for Editor in 0.00 ms.
Invoked RoslynAnalysisRunner static constructor.
RoslynAnalysisRunner will not be running.
RoslynAnalysisRunner has terminated.
Mono: successfully reloaded assembly
- Completed reload, in  0.761 seconds
Platform modules already initialized, skipping
Refreshing native plugins compatible for Editor in 0.25 ms, found 0 plugins.
Preloading 0 native plugins for Editor in 0.00 ms.
Unloading 1129 Unused Serialized files (Serialized files now loaded: 0)
System memory in use before: 75.5 MB.
System memory in use after: 75.6 MB.

Unloading 4 unused Assets to reduce memory usage. Loaded Objects now: 1656.
Total: 1.687800 ms (FindLiveObjects: 0.134500 ms CreateObjectMapping: 0.035100 ms MarkObjects: 1.493300 ms  DeleteObjects: 0.024100 ms)

========================================================================
Received Prepare
Registering precompiled user dll's ...
Registered in 0.000737 seconds.
Begin MonoManager ReloadAssembly
Native extension for WindowsStandalone target not found
Refreshing native plugins compatible for Editor in 0.29 ms, found 0 plugins.
Preloading 0 native plugins for Editor in 0.00 ms.
Invoked RoslynAnalysisRunner static constructor.
RoslynAnalysisRunner will not be running.
RoslynAnalysisRunner has terminated.
Mono: successfully reloaded assembly
- Completed reload, in  0.790 seconds
Platform modules already initialized, skipping
Refreshing native plugins compatible for Editor in 0.24 ms, found 0 plugins.
Preloading 0 native plugins for Editor in 0.00 ms.
Unloading 1129 Unused Serialized files (Serialized files now loaded: 0)
System memory in use before: 75.2 MB.
System memory in use after: 75.3 MB.

Unloading 4 unused Assets to reduce memory usage. Loaded Objects now: 1658.
Total: 1.505600 ms (FindLiveObjects: 0.121900 ms CreateObjectMapping: 0.035200 ms MarkObjects: 1.335200 ms  DeleteObjects: 0.012600 ms)

========================================================================
Received Prepare
Registering precompiled user dll's ...
Registered in 0.000599 seconds.
Begin MonoManager ReloadAssembly
Native extension for WindowsStandalone target not found
Refreshing native plugins compatible for Editor in 0.25 ms, found 0 plugins.
Preloading 0 native plugins for Editor in 0.00 ms.
Invoked RoslynAnalysisRunner static constructor.
RoslynAnalysisRunner will not be running.
RoslynAnalysisRunner has terminated.
Mono: successfully reloaded assembly
- Completed reload, in  0.721 seconds
Platform modules already initialized, skipping
Refreshing native plugins compatible for Editor in 0.26 ms, found 0 plugins.
Preloading 0 native plugins for Editor in 0.00 ms.
Unloading 1129 Unused Serialized files (Serialized files now loaded: 0)
System memory in use before: 75.5 MB.
System memory in use after: 75.6 MB.

Unloading 4 unused Assets to reduce memory usage. Loaded Objects now: 1660.
Total: 1.625800 ms (FindLiveObjects: 0.160200 ms CreateObjectMapping: 0.067400 ms MarkObjects: 1.376100 ms  DeleteObjects: 0.021400 ms)

========================================================================
Received Import Request.
  Time since last request: 721.527026 seconds.
  path: Assets/___Prefabs/GhostItem.prefab
  artifactKey: Guid(50cc92ce5e2dda9448b6fa552ab5d5a5) Importer(815301076,1909f56bfc062723c751e8b465ee728b)
Start importing Assets/___Prefabs/GhostItem.prefab using Guid(50cc92ce5e2dda9448b6fa552ab5d5a5) Importer(815301076,1909f56bfc062723c751e8b465ee728b)  -> (artifact id: '2c979cda52291790301b89336475410b') in 0.034090 seconds
  Import took 0.058243 seconds .

========================================================================
Received Prepare
Registering precompiled user dll's ...
Registered in 0.000551 seconds.
Begin MonoManager ReloadAssembly
Native extension for WindowsStandalone target not found
Refreshing native plugins compatible for Editor in 0.25 ms, found 0 plugins.
Preloading 0 native plugins for Editor in 0.00 ms.
Invoked RoslynAnalysisRunner static constructor.
RoslynAnalysisRunner will not be running.
RoslynAnalysisRunner has terminated.
Mono: successfully reloaded assembly
- Completed reload, in  0.811 seconds
Platform modules already initialized, skipping
Refreshing native plugins compatible for Editor in 0.24 ms, found 0 plugins.
Preloading 0 native plugins for Editor in 0.00 ms.
Unloading 1129 Unused Serialized files (Serialized files now loaded: 0)
System memory in use before: 74.9 MB.
System memory in use after: 75.0 MB.

Unloading 4 unused Assets to reduce memory usage. Loaded Objects now: 1662.
Total: 1.616200 ms (FindLiveObjects: 0.143500 ms CreateObjectMapping: 0.034500 ms MarkObjects: 1.415600 ms  DeleteObjects: 0.021800 ms)

========================================================================
Received Prepare
Registering precompiled user dll's ...
Registered in 0.000649 seconds.
Begin MonoManager ReloadAssembly
Native extension for WindowsStandalone target not found
Refreshing native plugins compatible for Editor in 0.25 ms, found 0 plugins.
Preloading 0 native plugins for Editor in 0.00 ms.
Invoked RoslynAnalysisRunner static constructor.
RoslynAnalysisRunner will not be running.
RoslynAnalysisRunner has terminated.
Mono: successfully reloaded assembly
- Completed reload, in  0.800 seconds
Platform modules already initialized, skipping
Refreshing native plugins compatible for Editor in 0.24 ms, found 0 plugins.
Preloading 0 native plugins for Editor in 0.00 ms.
Unloading 1129 Unused Serialized files (Serialized files now loaded: 0)
System memory in use before: 75.3 MB.
System memory in use after: 75.4 MB.

Unloading 4 unused Assets to reduce memory usage. Loaded Objects now: 1664.
Total: 1.702600 ms (FindLiveObjects: 0.168000 ms CreateObjectMapping: 0.038200 ms MarkObjects: 1.482700 ms  DeleteObjects: 0.013000 ms)

========================================================================
Received Prepare
Registering precompiled user dll's ...
Registered in 0.000733 seconds.
Begin MonoManager ReloadAssembly
Native extension for WindowsStandalone target not found
Refreshing native plugins compatible for Editor in 0.29 ms, found 0 plugins.
Preloading 0 native plugins for Editor in 0.00 ms.
Invoked RoslynAnalysisRunner static constructor.
RoslynAnalysisRunner will not be running.
RoslynAnalysisRunner has terminated.
Mono: successfully reloaded assembly
- Completed reload, in  0.757 seconds
Platform modules already initialized, skipping
Refreshing native plugins compatible for Editor in 0.25 ms, found 0 plugins.
Preloading 0 native plugins for Editor in 0.00 ms.
Unloading 1129 Unused Serialized files (Serialized files now loaded: 0)
System memory in use before: 75.5 MB.
System memory in use after: 75.6 MB.

Unloading 4 unused Assets to reduce memory usage. Loaded Objects now: 1666.
Total: 1.658100 ms (FindLiveObjects: 0.110200 ms CreateObjectMapping: 0.033800 ms MarkObjects: 1.500900 ms  DeleteObjects: 0.012400 ms)

========================================================================
Received Prepare
Registering precompiled user dll's ...
Registered in 0.000592 seconds.
Begin MonoManager ReloadAssembly
Native extension for WindowsStandalone target not found
Refreshing native plugins compatible for Editor in 0.25 ms, found 0 plugins.
Preloading 0 native plugins for Editor in 0.00 ms.
Invoked RoslynAnalysisRunner static constructor.
RoslynAnalysisRunner will not be running.
RoslynAnalysisRunner has terminated.
Mono: successfully reloaded assembly
- Completed reload, in  0.749 seconds
Platform modules already initialized, skipping
Refreshing native plugins compatible for Editor in 0.26 ms, found 0 plugins.
Preloading 0 native plugins for Editor in 0.00 ms.
Unloading 1129 Unused Serialized files (Serialized files now loaded: 0)
System memory in use before: 75.0 MB.
System memory in use after: 75.1 MB.

Unloading 4 unused Assets to reduce memory usage. Loaded Objects now: 1668.
Total: 2.309500 ms (FindLiveObjects: 0.173900 ms CreateObjectMapping: 0.078800 ms MarkObjects: 2.010800 ms  DeleteObjects: 0.044700 ms)

========================================================================
Received Prepare
Registering precompiled user dll's ...
Registered in 0.000494 seconds.
Begin MonoManager ReloadAssembly
Native extension for WindowsStandalone target not found
Refreshing native plugins compatible for Editor in 0.31 ms, found 0 plugins.
Preloading 0 native plugins for Editor in 0.00 ms.
Invoked RoslynAnalysisRunner static constructor.
RoslynAnalysisRunner will not be running.
RoslynAnalysisRunner has terminated.
Mono: successfully reloaded assembly
- Completed reload, in  0.760 seconds
Platform modules already initialized, skipping
Refreshing native plugins compatible for Editor in 0.29 ms, found 0 plugins.
Preloading 0 native plugins for Editor in 0.00 ms.
Unloading 1129 Unused Serialized files (Serialized files now loaded: 0)
System memory in use before: 75.4 MB.
System memory in use after: 75.5 MB.

Unloading 4 unused Assets to reduce memory usage. Loaded Objects now: 1670.
Total: 2.258600 ms (FindLiveObjects: 0.285600 ms CreateObjectMapping: 0.152000 ms MarkObjects: 1.805700 ms  DeleteObjects: 0.014100 ms)

========================================================================
Received Prepare
Registering precompiled user dll's ...
Registered in 0.000603 seconds.
Begin MonoManager ReloadAssembly
Native extension for WindowsStandalone target not found
Refreshing native plugins compatible for Editor in 0.27 ms, found 0 plugins.
Preloading 0 native plugins for Editor in 0.00 ms.
Invoked RoslynAnalysisRunner static constructor.
RoslynAnalysisRunner will not be running.
RoslynAnalysisRunner has terminated.
Mono: successfully reloaded assembly
- Completed reload, in  0.775 seconds
Platform modules already initialized, skipping
Refreshing native plugins compatible for Editor in 0.29 ms, found 0 plugins.
Preloading 0 native plugins for Editor in 0.00 ms.
Unloading 1129 Unused Serialized files (Serialized files now loaded: 0)
System memory in use before: 75.5 MB.
System memory in use after: 75.6 MB.

Unloading 4 unused Assets to reduce memory usage. Loaded Objects now: 1672.
Total: 1.746000 ms (FindLiveObjects: 0.127700 ms CreateObjectMapping: 0.036700 ms MarkObjects: 1.569500 ms  DeleteObjects: 0.011400 ms)

========================================================================
Received Prepare
Registering precompiled user dll's ...
Registered in 0.000586 seconds.
Begin MonoManager ReloadAssembly
Native extension for WindowsStandalone target not found
Refreshing native plugins compatible for Editor in 0.25 ms, found 0 plugins.
Preloading 0 native plugins for Editor in 0.00 ms.
Invoked RoslynAnalysisRunner static constructor.
RoslynAnalysisRunner will not be running.
RoslynAnalysisRunner has terminated.
Mono: successfully reloaded assembly
- Completed reload, in  0.769 seconds
Platform modules already initialized, skipping
Refreshing native plugins compatible for Editor in 0.27 ms, found 0 plugins.
Preloading 0 native plugins for Editor in 0.00 ms.
Unloading 1129 Unused Serialized files (Serialized files now loaded: 0)
System memory in use before: 75.2 MB.
System memory in use after: 75.3 MB.

Unloading 4 unused Assets to reduce memory usage. Loaded Objects now: 1674.
Total: 2.613900 ms (FindLiveObjects: 0.173000 ms CreateObjectMapping: 0.045600 ms MarkObjects: 2.349000 ms  DeleteObjects: 0.045200 ms)

========================================================================
Received Prepare
Registering precompiled user dll's ...
Registered in 0.000607 seconds.
Begin MonoManager ReloadAssembly
Native extension for WindowsStandalone target not found
Refreshing native plugins compatible for Editor in 0.26 ms, found 0 plugins.
Preloading 0 native plugins for Editor in 0.00 ms.
Invoked RoslynAnalysisRunner static constructor.
RoslynAnalysisRunner will not be running.
RoslynAnalysisRunner has terminated.
Mono: successfully reloaded assembly
- Completed reload, in  0.754 seconds
Platform modules already initialized, skipping
Refreshing native plugins compatible for Editor in 0.25 ms, found 0 plugins.
Preloading 0 native plugins for Editor in 0.00 ms.
Unloading 1129 Unused Serialized files (Serialized files now loaded: 0)
System memory in use before: 75.5 MB.
System memory in use after: 75.6 MB.

Unloading 4 unused Assets to reduce memory usage. Loaded Objects now: 1676.
Total: 1.974800 ms (FindLiveObjects: 0.228800 ms CreateObjectMapping: 0.064600 ms MarkObjects: 1.668500 ms  DeleteObjects: 0.012000 ms)

========================================================================
Received Import Request.
  Time since last request: 7170.895267 seconds.
  path: Assets/___Prefabs/Slot.prefab
  artifactKey: Guid(5ad5d41fe0eeaff498b325ddd18fc8c3) Importer(815301076,1909f56bfc062723c751e8b465ee728b)
Start importing Assets/___Prefabs/Slot.prefab using Guid(5ad5d41fe0eeaff498b325ddd18fc8c3) Importer(815301076,1909f56bfc062723c751e8b465ee728b)  -> (artifact id: '7cc097cc49194bbb1378db333eeb86bb') in 0.099344 seconds
  Import took 0.102396 seconds .

========================================================================
Received Prepare
Registering precompiled user dll's ...
Registered in 0.000830 seconds.
Begin MonoManager ReloadAssembly
Native extension for WindowsStandalone target not found
Refreshing native plugins compatible for Editor in 0.29 ms, found 0 plugins.
Preloading 0 native plugins for Editor in 0.00 ms.
Invoked RoslynAnalysisRunner static constructor.
RoslynAnalysisRunner will not be running.
RoslynAnalysisRunner has terminated.
Mono: successfully reloaded assembly
- Completed reload, in  0.771 seconds
Platform modules already initialized, skipping
Refreshing native plugins compatible for Editor in 0.28 ms, found 0 plugins.
Preloading 0 native plugins for Editor in 0.00 ms.
Unloading 1129 Unused Serialized files (Serialized files now loaded: 0)
System memory in use before: 75.5 MB.
System memory in use after: 75.6 MB.

Unloading 4 unused Assets to reduce memory usage. Loaded Objects now: 1678.
Total: 1.798800 ms (FindLiveObjects: 0.145500 ms CreateObjectMapping: 0.060900 ms MarkObjects: 1.570500 ms  DeleteObjects: 0.021200 ms)

========================================================================
Received Prepare
Registering precompiled user dll's ...
Registered in 0.000669 seconds.
Begin MonoManager ReloadAssembly
Native extension for WindowsStandalone target not found
Refreshing native plugins compatible for Editor in 0.25 ms, found 0 plugins.
Preloading 0 native plugins for Editor in 0.00 ms.
Invoked RoslynAnalysisRunner static constructor.
RoslynAnalysisRunner will not be running.
RoslynAnalysisRunner has terminated.
Mono: successfully reloaded assembly
- Completed reload, in  0.808 seconds
Platform modules already initialized, skipping
Refreshing native plugins compatible for Editor in 0.37 ms, found 0 plugins.
Preloading 0 native plugins for Editor in 0.00 ms.
Unloading 1129 Unused Serialized files (Serialized files now loaded: 0)
System memory in use before: 75.3 MB.
System memory in use after: 75.4 MB.

Unloading 4 unused Assets to reduce memory usage. Loaded Objects now: 1680.
Total: 1.569600 ms (FindLiveObjects: 0.158100 ms CreateObjectMapping: 0.037000 ms MarkObjects: 1.359300 ms  DeleteObjects: 0.014400 ms)

========================================================================
Received Prepare
Registering precompiled user dll's ...
Registered in 0.000885 seconds.
Begin MonoManager ReloadAssembly
Native extension for WindowsStandalone target not found
Refreshing native plugins compatible for Editor in 0.28 ms, found 0 plugins.
Preloading 0 native plugins for Editor in 0.00 ms.
Invoked RoslynAnalysisRunner static constructor.
RoslynAnalysisRunner will not be running.
RoslynAnalysisRunner has terminated.
Mono: successfully reloaded assembly
- Completed reload, in  0.986 seconds
Platform modules already initialized, skipping
Refreshing native plugins compatible for Editor in 0.33 ms, found 0 plugins.
Preloading 0 native plugins for Editor in 0.00 ms.
Unloading 1129 Unused Serialized files (Serialized files now loaded: 0)
System memory in use before: 75.5 MB.
System memory in use after: 75.6 MB.

Unloading 4 unused Assets to reduce memory usage. Loaded Objects now: 1682.
Total: 2.277600 ms (FindLiveObjects: 0.130000 ms CreateObjectMapping: 0.035700 ms MarkObjects: 2.096700 ms  DeleteObjects: 0.013800 ms)

========================================================================
Received Prepare
Registering precompiled user dll's ...
Registered in 0.001036 seconds.
Begin MonoManager ReloadAssembly
Native extension for WindowsStandalone target not found
Refreshing native plugins compatible for Editor in 0.40 ms, found 0 plugins.
Preloading 0 native plugins for Editor in 0.00 ms.
Invoked RoslynAnalysisRunner static constructor.
RoslynAnalysisRunner will not be running.
RoslynAnalysisRunner has terminated.
Mono: successfully reloaded assembly
- Completed reload, in  0.805 seconds
Platform modules already initialized, skipping
Refreshing native plugins compatible for Editor in 0.25 ms, found 0 plugins.
Preloading 0 native plugins for Editor in 0.00 ms.
Unloading 1129 Unused Serialized files (Serialized files now loaded: 0)
System memory in use before: 75.0 MB.
System memory in use after: 75.1 MB.

Unloading 4 unused Assets to reduce memory usage. Loaded Objects now: 1684.
Total: 1.962800 ms (FindLiveObjects: 0.242700 ms CreateObjectMapping: 0.085500 ms MarkObjects: 1.608700 ms  DeleteObjects: 0.024600 ms)

AssetImportWorkerClient::OnTransportError - code=2 error=End of file
